<?xml version="1.0" encoding="UTF-8"?>
<testng-results skipped="0" failed="1" ignored="0" total="4" passed="3">
  <reporter-output>
  </reporter-output>
  <suite name="Default suite" duration-ms="68944" started-at="2019-08-29T11:04:20Z" finished-at="2019-08-29T11:05:29Z">
    <groups>
    </groups>
    <test name="Default test" duration-ms="68944" started-at="2019-08-29T11:04:20Z" finished-at="2019-08-29T11:05:29Z">
      <class name="mavenpakage.mavenlaunch">
        <test-method status="PASS" signature="bt()[pri:0, instance:mavenpakage.mavenlaunch@77caeb3e]" name="bt" is-config="true" duration-ms="25463" started-at="2019-08-29T11:04:21Z" finished-at="2019-08-29T11:04:46Z">
          <reporter-output>
          </reporter-output>
        </test-method> <!-- bt -->
        <test-method status="PASS" signature="registration()[pri:0, instance:mavenpakage.mavenlaunch@77caeb3e]" name="registration" duration-ms="66" started-at="2019-08-29T11:04:46Z" finished-at="2019-08-29T11:04:46Z">
          <reporter-output>
          </reporter-output>
        </test-method> <!-- registration -->
        <test-method status="PASS" signature="getResult(org.testng.ITestResult)[pri:0, instance:mavenpakage.mavenlaunch@77caeb3e]" name="getResult" is-config="true" duration-ms="9" started-at="2019-08-29T11:04:46Z" finished-at="2019-08-29T11:04:46Z">
          <params>
            <param index="0">
              <value>
                <![CDATA[[TestResult name=registration status=SUCCESS method=mavenlaunch.registration()[pri:0, instance:mavenpakage.mavenlaunch@77caeb3e] output={null}]]]>
              </value>
            </param>
          </params>
          <reporter-output>
          </reporter-output>
        </test-method> <!-- getResult -->
        <test-method status="FAIL" signature="testALogin()[pri:1, instance:mavenpakage.mavenlaunch@77caeb3e]" name="testALogin" duration-ms="19570" started-at="2019-08-29T11:04:46Z" finished-at="2019-08-29T11:05:06Z">
          <exception class="java.lang.AssertionError">
            <message>
              <![CDATA[expected [actual] but found [ Advantage Shopping]]]>
            </message>
            <full-stacktrace>
              <![CDATA[java.lang.AssertionError: expected [actual] but found [ Advantage Shopping]
at org.testng.Assert.fail(Assert.java:96)
at org.testng.Assert.failNotEquals(Assert.java:776)
at org.testng.Assert.assertEqualsImpl(Assert.java:137)
at org.testng.Assert.assertEquals(Assert.java:118)
at org.testng.Assert.assertEquals(Assert.java:453)
at org.testng.Assert.assertEquals(Assert.java:463)
at mavenpakage.mavenlaunch.testALogin(mavenlaunch.java:113)
at sun.reflect.NativeMethodAccessorImpl.invoke0(Native Method)
at sun.reflect.NativeMethodAccessorImpl.invoke(Unknown Source)
at sun.reflect.DelegatingMethodAccessorImpl.invoke(Unknown Source)
at java.lang.reflect.Method.invoke(Unknown Source)
at org.testng.internal.MethodInvocationHelper.invokeMethod(MethodInvocationHelper.java:124)
at org.testng.internal.Invoker.invokeMethod(Invoker.java:583)
at org.testng.internal.Invoker.invokeTestMethod(Invoker.java:719)
at org.testng.internal.Invoker.invokeTestMethods(Invoker.java:989)
at org.testng.internal.TestMethodWorker.invokeTestMethods(TestMethodWorker.java:125)
at org.testng.internal.TestMethodWorker.run(TestMethodWorker.java:109)
at org.testng.TestRunner.privateRun(TestRunner.java:648)
at org.testng.TestRunner.run(TestRunner.java:505)
at org.testng.SuiteRunner.runTest(SuiteRunner.java:455)
at org.testng.SuiteRunner.runSequentially(SuiteRunner.java:450)
at org.testng.SuiteRunner.privateRun(SuiteRunner.java:415)
at org.testng.SuiteRunner.run(SuiteRunner.java:364)
at org.testng.SuiteRunnerWorker.runSuite(SuiteRunnerWorker.java:52)
at org.testng.SuiteRunnerWorker.run(SuiteRunnerWorker.java:84)
at org.testng.TestNG.runSuitesSequentially(TestNG.java:1208)
at org.testng.TestNG.runSuitesLocally(TestNG.java:1137)
at org.testng.TestNG.runSuites(TestNG.java:1049)
at org.testng.TestNG.run(TestNG.java:1017)
at org.testng.remote.AbstractRemoteTestNG.run(AbstractRemoteTestNG.java:114)
at org.testng.remote.RemoteTestNG.initAndRun(RemoteTestNG.java:251)
at org.testng.remote.RemoteTestNG.main(RemoteTestNG.java:77)
]]>
            </full-stacktrace>
          </exception> <!-- java.lang.AssertionError -->
          <reporter-output>
          </reporter-output>
        </test-method> <!-- testALogin -->
        <test-method status="PASS" signature="getResult(org.testng.ITestResult)[pri:0, instance:mavenpakage.mavenlaunch@77caeb3e]" name="getResult" is-config="true" duration-ms="1518" started-at="2019-08-29T11:05:06Z" finished-at="2019-08-29T11:05:07Z">
          <params>
            <param index="0">
              <value>
                <![CDATA[[TestResult name=testALogin status=FAILURE method=mavenlaunch.testALogin()[pri:1, instance:mavenpakage.mavenlaunch@77caeb3e] output={null}]]]>
              </value>
            </param>
          </params>
          <reporter-output>
          </reporter-output>
        </test-method> <!-- getResult -->
        <test-method status="PASS" signature="testSCart()[pri:2, instance:mavenpakage.mavenlaunch@77caeb3e]" name="testSCart" duration-ms="12274" started-at="2019-08-29T11:05:07Z" finished-at="2019-08-29T11:05:19Z">
          <reporter-output>
          </reporter-output>
        </test-method> <!-- testSCart -->
        <test-method status="PASS" signature="getResult(org.testng.ITestResult)[pri:0, instance:mavenpakage.mavenlaunch@77caeb3e]" name="getResult" is-config="true" duration-ms="1" started-at="2019-08-29T11:05:19Z" finished-at="2019-08-29T11:05:19Z">
          <params>
            <param index="0">
              <value>
                <![CDATA[[TestResult name=testSCart status=SUCCESS method=mavenlaunch.testSCart()[pri:2, instance:mavenpakage.mavenlaunch@77caeb3e] output={null}]]]>
              </value>
            </param>
          </params>
          <reporter-output>
          </reporter-output>
        </test-method> <!-- getResult -->
        <test-method status="PASS" signature="payment()[pri:3, instance:mavenpakage.mavenlaunch@77caeb3e]" name="payment" duration-ms="8353" started-at="2019-08-29T11:05:19Z" finished-at="2019-08-29T11:05:28Z">
          <reporter-output>
          </reporter-output>
        </test-method> <!-- payment -->
        <test-method status="PASS" signature="getResult(org.testng.ITestResult)[pri:0, instance:mavenpakage.mavenlaunch@77caeb3e]" name="getResult" is-config="true" duration-ms="1" started-at="2019-08-29T11:05:28Z" finished-at="2019-08-29T11:05:28Z">
          <params>
            <param index="0">
              <value>
                <![CDATA[[TestResult name=payment status=SUCCESS method=mavenlaunch.payment()[pri:3, instance:mavenpakage.mavenlaunch@77caeb3e] output={null}]]]>
              </value>
            </param>
          </params>
          <reporter-output>
          </reporter-output>
        </test-method> <!-- getResult -->
        <test-method status="PASS" signature="testlogout()[pri:0, instance:mavenpakage.mavenlaunch@77caeb3e]" name="testlogout" is-config="true" duration-ms="1607" started-at="2019-08-29T11:05:28Z" finished-at="2019-08-29T11:05:29Z">
          <reporter-output>
          </reporter-output>
        </test-method> <!-- testlogout -->
      </class> <!-- mavenpakage.mavenlaunch -->
    </test> <!-- Default test -->
  </suite> <!-- Default suite -->
</testng-results>
